ERROR [portable_pty::win::psuedocon] CreateProcessW `"C:\\nvm4w\\nodejs\\npm run inngest:dev\0"` in cwd `Some("C:\\RENATO\\CURSOS\\NEXTJS\\nextjs-nodebase\0")` failed: %1 não é um aplicativo Win32 válido. (os error 193)
ERROR [portable_pty::win::psuedocon] CreateProcessW `"C:\\nvm4w\\nodejs\\npm run dev\0"` in cwd `Some("C:\\RENATO\\CURSOS\\NEXTJS\\nextjs-nodebase\0")` failed: %1 não é um aplicativo Win32 válido. (os error 193)
WARN [mprocs::app] Ignore input event: FocusLost
WARN [mprocs::app] Ignore input event: FocusGained
WARN [mprocs::app] Ignore input event: FocusLost
WARN [mprocs::app] Ignore input event: FocusGained
WARN [mprocs::app] Ignore input event: FocusLost
WARN [mprocs::app] Ignore input event: FocusGained
ERROR [portable_pty::win::psuedocon] CreateProcessW `"C:\\nvm4w\\nodejs\\npm run inngest:dev\0"` in cwd `Some("C:\\RENATO\\CURSOS\\NEXTJS\\nextjs-nodebase\0")` failed: %1 não é um aplicativo Win32 válido. (os error 193)
ERROR [portable_pty::win::psuedocon] CreateProcessW `"C:\\nvm4w\\nodejs\\npm run dev\0"` in cwd `Some("C:\\RENATO\\CURSOS\\NEXTJS\\nextjs-nodebase\0")` failed: %1 não é um aplicativo Win32 válido. (os error 193)
WARN [mprocs::app] Ignore input event: FocusLost
WARN [mprocs::app] Ignore input event: FocusGained
ERROR [portable_pty::win::psuedocon] CreateProcessW `"C:\\nvm4w\\nodejs\\npm run inngest:dev\0"` in cwd `Some("C:\\RENATO\\CURSOS\\NEXTJS\\nextjs-nodebase\0")` failed: %1 não é um aplicativo Win32 válido. (os error 193)
ERROR [portable_pty::win::psuedocon] CreateProcessW `"C:\\nvm4w\\nodejs\\npm run dev\0"` in cwd `Some("C:\\RENATO\\CURSOS\\NEXTJS\\nextjs-nodebase\0")` failed: %1 não é um aplicativo Win32 válido. (os error 193)
WARN [mprocs::app] Ignore input event: FocusLost
WARN [mprocs::app] Ignore input event: FocusGained
WARN [mprocs::app] Ignore input event: FocusLost
WARN [mprocs::app] Ignore input event: FocusGained
WARN [mprocs::app] Ignore input event: FocusLost
WARN [mprocs::app] Ignore input event: FocusGained
ERROR [portable_pty::win::psuedocon] CreateProcessW `"C:\\nvm4w\\nodejs\\npm run inngest:dev\0"` in cwd `Some("C:\\RENATO\\CURSOS\\NEXTJS\\nextjs-nodebase\0")` failed: %1 não é um aplicativo Win32 válido. (os error 193)
ERROR [portable_pty::win::psuedocon] CreateProcessW `"C:\\nvm4w\\nodejs\\npm run dev\0"` in cwd `Some("C:\\RENATO\\CURSOS\\NEXTJS\\nextjs-nodebase\0")` failed: %1 não é um aplicativo Win32 válido. (os error 193)
ERROR [portable_pty::win::psuedocon] CreateProcessW `"C:\\nvm4w\\nodejs\\npm run dev\0"` in cwd `Some("C:\\RENATO\\CURSOS\\NEXTJS\\nextjs-nodebase\0")` failed: %1 não é um aplicativo Win32 válido. (os error 193)
ERROR [portable_pty::win::psuedocon] CreateProcessW `"C:\\nvm4w\\nodejs\\npm run dev\0"` in cwd `Some("C:\\RENATO\\CURSOS\\NEXTJS\\nextjs-nodebase\0")` failed: %1 não é um aplicativo Win32 válido. (os error 193)
ERROR [mprocs::error] Error: channel closed
ERROR [mprocs::error] Error: channel closed
ERROR [portable_pty::win::psuedocon] CreateProcessW `"C:\\nvm4w\\nodejs\\npm run inngest:dev\0"` in cwd `Some("C:\\RENATO\\CURSOS\\NEXTJS\\nextjs-nodebase\0")` failed: %1 não é um aplicativo Win32 válido. (os error 193)
ERROR [portable_pty::win::psuedocon] CreateProcessW `"C:\\nvm4w\\nodejs\\npm run dev\0"` in cwd `Some("C:\\RENATO\\CURSOS\\NEXTJS\\nextjs-nodebase\0")` failed: %1 não é um aplicativo Win32 válido. (os error 193)
ERROR [portable_pty::win::psuedocon] CreateProcessW `"C:\\nvm4w\\nodejs\\npm run dev\0"` in cwd `Some("C:\\RENATO\\CURSOS\\NEXTJS\\nextjs-nodebase\0")` failed: %1 não é um aplicativo Win32 válido. (os error 193)
WARN [mprocs::app] Ignore input event: FocusLost
WARN [mprocs::app] Ignore input event: FocusGained
WARN [mprocs::app] Ignore input event: FocusLost
WARN [mprocs::app] Ignore input event: FocusGained
ERROR [portable_pty::win::psuedocon] CreateProcessW `"C:\\nvm4w\\nodejs\\npm run inngest:dev\0"` in cwd `Some("C:\\RENATO\\CURSOS\\NEXTJS\\nextjs-nodebase\0")` failed: %1 não é um aplicativo Win32 válido. (os error 193)
ERROR [portable_pty::win::psuedocon] CreateProcessW `"C:\\nvm4w\\nodejs\\npm run inngest:dev\0"` in cwd `Some("C:\\RENATO\\CURSOS\\NEXTJS\\nextjs-nodebase\0")` failed: %1 não é um aplicativo Win32 válido. (os error 193)
ERROR [portable_pty::win::psuedocon] CreateProcessW `"C:\\nvm4w\\nodejs\\npm run inngest:dev\0"` in cwd `Some("C:\\RENATO\\CURSOS\\NEXTJS\\nextjs-nodebase\0")` failed: %1 não é um aplicativo Win32 válido. (os error 193)
ERROR [portable_pty::win::psuedocon] CreateProcessW `"C:\\nvm4w\\nodejs\\npm run inngest:dev\0"` in cwd `Some("C:\\RENATO\\CURSOS\\NEXTJS\\nextjs-nodebase\0")` failed: %1 não é um aplicativo Win32 válido. (os error 193)
ERROR [portable_pty::win::psuedocon] CreateProcessW `"C:\\nvm4w\\nodejs\\npm run dev\0"` in cwd `Some("C:\\RENATO\\CURSOS\\NEXTJS\\nextjs-nodebase\0")` failed: %1 não é um aplicativo Win32 válido. (os error 193)
WARN [mprocs::app] Ignore input event: FocusLost
WARN [mprocs::app] Ignore input event: FocusGained
WARN [mprocs::app] Ignore input event: FocusLost
WARN [mprocs::app] Ignore input event: FocusGained
ERROR [portable_pty::win::psuedocon] CreateProcessW `"C:\\nvm4w\\nodejs\\npm run dev\0"` in cwd `Some("C:\\RENATO\\CURSOS\\NEXTJS\\nextjs-nodebase\0")` failed: %1 não é um aplicativo Win32 válido. (os error 193)
ERROR [portable_pty::win::psuedocon] CreateProcessW `"C:\\nvm4w\\nodejs\\npm run inngest:dev\0"` in cwd `Some("C:\\RENATO\\CURSOS\\NEXTJS\\nextjs-nodebase\0")` failed: %1 não é um aplicativo Win32 válido. (os error 193)
ERROR [portable_pty::win::psuedocon] CreateProcessW `"C:\\nvm4w\\nodejs\\npm run inngest:dev\0"` in cwd `Some("C:\\RENATO\\CURSOS\\NEXTJS\\nextjs-nodebase\0")` failed: %1 não é um aplicativo Win32 válido. (os error 193)
ERROR [portable_pty::win::psuedocon] CreateProcessW `"C:\\nvm4w\\nodejs\\npm run dev\0"` in cwd `Some("C:\\RENATO\\CURSOS\\NEXTJS\\nextjs-nodebase\0")` failed: %1 não é um aplicativo Win32 válido. (os error 193)
WARN [mprocs::app] Ignore input event: FocusLost
WARN [mprocs::app] Ignore input event: FocusGained
WARN [mprocs::app] Ignore input event: FocusLost
WARN [mprocs::app] Ignore input event: FocusGained
ERROR [portable_pty::win::psuedocon] CreateProcessW `"C:\\nvm4w\\nodejs\\npm run inngest:dev\0"` in cwd `Some("C:\\RENATO\\CURSOS\\NEXTJS\\nextjs-nodebase\0")` failed: %1 não é um aplicativo Win32 válido. (os error 193)
ERROR [portable_pty::win::psuedocon] CreateProcessW `"C:\\nvm4w\\nodejs\\npm run dev\0"` in cwd `Some("C:\\RENATO\\CURSOS\\NEXTJS\\nextjs-nodebase\0")` failed: %1 não é um aplicativo Win32 válido. (os error 193)
WARN [mprocs::app] Ignore input event: FocusLost
WARN [mprocs::app] Ignore input event: FocusGained
WARN [mprocs::app] Ignore input event: FocusLost
WARN [mprocs::app] Ignore input event: FocusGained
WARN [mprocs::app] Ignore input event: FocusLost
WARN [mprocs::app] Ignore input event: FocusGained
WARN [mprocs::app] Ignore input event: FocusLost
WARN [mprocs::app] Ignore input event: FocusGained
WARN [mprocs::app] Ignore input event: FocusLost
WARN [mprocs::app] Ignore input event: FocusGained
